<?xml version="1.0" encoding="UTF-8"?>
<testng-results ignored="0" total="3" passed="3" failed="0" skipped="0">
  <reporter-output>
  </reporter-output>
  <suite started-at="2020-03-30T17:51:54 IST" name="Suite" finished-at="2020-03-30T17:52:56 IST" duration-ms="61645">
    <groups>
    </groups>
    <test started-at="2020-03-30T17:51:54 IST" name="Test" finished-at="2020-03-30T17:52:56 IST" duration-ms="61645">
      <class name="cts.miniproject.test.DdExcelWordpressLogin">
        <test-method signature="loginToWordpress(java.lang.String, java.lang.String)[pri:0, instance:cts.miniproject.test.DdExcelWordpressLogin@2b6faea6]" started-at="2020-03-30T17:51:54 IST" name="loginToWordpress" data-provider="wordpress" finished-at="2020-03-30T17:52:17 IST" duration-ms="22727" status="PASS">
          <params>
            <param index="0">
              <value>
                <![CDATA[admin]]>
              </value>
            </param>
            <param index="1">
              <value>
                <![CDATA[demo123]]>
              </value>
            </param>
          </params>
          <reporter-output>
          </reporter-output>
        </test-method> <!-- loginToWordpress -->
        <test-method is-config="true" signature="tearDown()[pri:0, instance:cts.miniproject.test.DdExcelWordpressLogin@2b6faea6]" started-at="2020-03-30T17:52:17 IST" name="tearDown" finished-at="2020-03-30T17:52:18 IST" duration-ms="695" status="PASS">
          <reporter-output>
          </reporter-output>
        </test-method> <!-- tearDown -->
        <test-method signature="loginToWordpress(java.lang.String, java.lang.String)[pri:0, instance:cts.miniproject.test.DdExcelWordpressLogin@2b6faea6]" started-at="2020-03-30T17:52:18 IST" name="loginToWordpress" data-provider="wordpress" finished-at="2020-03-30T17:52:36 IST" duration-ms="18105" status="PASS">
          <params>
            <param index="0">
              <value>
                <![CDATA[admin]]>
              </value>
            </param>
            <param index="1">
              <value>
                <![CDATA[demo123]]>
              </value>
            </param>
          </params>
          <reporter-output>
          </reporter-output>
        </test-method> <!-- loginToWordpress -->
        <test-method is-config="true" signature="tearDown()[pri:0, instance:cts.miniproject.test.DdExcelWordpressLogin@2b6faea6]" started-at="2020-03-30T17:52:36 IST" name="tearDown" finished-at="2020-03-30T17:52:37 IST" duration-ms="721" status="PASS">
          <reporter-output>
          </reporter-output>
        </test-method> <!-- tearDown -->
        <test-method signature="loginToWordpress(java.lang.String, java.lang.String)[pri:0, instance:cts.miniproject.test.DdExcelWordpressLogin@2b6faea6]" started-at="2020-03-30T17:52:37 IST" name="loginToWordpress" data-provider="wordpress" finished-at="2020-03-30T17:52:55 IST" duration-ms="18196" status="PASS">
          <params>
            <param index="0">
              <value>
                <![CDATA[admin]]>
              </value>
            </param>
            <param index="1">
              <value>
                <![CDATA[demo123]]>
              </value>
            </param>
          </params>
          <reporter-output>
          </reporter-output>
        </test-method> <!-- loginToWordpress -->
        <test-method is-config="true" signature="tearDown()[pri:0, instance:cts.miniproject.test.DdExcelWordpressLogin@2b6faea6]" started-at="2020-03-30T17:52:55 IST" name="tearDown" finished-at="2020-03-30T17:52:56 IST" duration-ms="703" status="PASS">
          <reporter-output>
          </reporter-output>
        </test-method> <!-- tearDown -->
      </class> <!-- cts.miniproject.test.DdExcelWordpressLogin -->
    </test> <!-- Test -->
  </suite> <!-- Suite -->
</testng-results>
